<?xml version="1.0" encoding="UTF-8"?>
<!-- Generated by org.testng.reporters.JUnitReportReporter -->
<testsuite skipped="1" hostname="DESKTOP-D5LTVCT" name="testcases.DeleteLead" tests="1" failures="0" timestamp="01 Apr 2019 19:00:53 GMT" time="0.000" errors="0">
  <testcase name="deleteLead" time="0.000" classname="testcases.DeleteLead">
    <skipped/>
  </testcase> <!-- deleteLead -->
</testsuite> <!-- testcases.DeleteLead -->
