<?xml version="1.0" encoding="UTF-8"?>
<!-- Generated by org.testng.reporters.JUnitReportReporter -->
<testsuite skipped="0" hostname="DESKTOP-D5LTVCT" name="pomtestcases.TC001_Login" tests="1" failures="0" timestamp="02 Apr 2019 12:11:22 GMT" time="15.325" errors="0">
  <testcase name="login" time="15.325" classname="pomtestcases.TC001_Login"/>
</testsuite> <!-- pomtestcases.TC001_Login -->
