<?xml version="1.0" encoding="UTF-8"?>
<!-- Generated by org.testng.reporters.JUnitReportReporter -->
<testsuite skipped="0" hostname="DESKTOP-D5LTVCT" name="testcases.CreateLead" tests="1" failures="0" timestamp="01 Apr 2019 18:47:44 GMT" time="61.790" errors="0">
  <testcase name="createLead" time="61.790" classname="testcases.CreateLead"/>
</testsuite> <!-- testcases.CreateLead -->
